2025-10-08T13:47:04.117482Z 0 [System] [MY-015015] [Server] MySQL Server - start.
2025-10-08T13:47:04.307108Z 0 [Warning] [MY-010097] [Server] Insecure configuration for --secure-file-priv: Current value does not restrict location of generated files. Consider setting it to a valid, non-empty path.
2025-10-08T13:47:04.307152Z 0 [System] [MY-010116] [Server] C:\laragon\bin\mysql\mysql-8.4.3-winx64\bin\mysqld (mysqld 8.4.3) starting as process 13696
2025-10-08T13:47:04.343288Z 1 [System] [MY-013576] [InnoDB] InnoDB initialization has started.
2025-10-08T13:47:04.518191Z 1 [System] [MY-013577] [InnoDB] InnoDB initialization has ended.
2025-10-08T13:47:04.764630Z 0 [Warning] [MY-013829] [Server] Missing data directory for ICU regular expressions: C:\laragon\bin\mysql\mysql-8.4.3-winx64\lib\private\.
2025-10-08T13:47:04.775005Z 0 [Warning] [MY-010068] [Server] CA certificate ca.pem is self signed.
2025-10-08T13:47:04.775354Z 0 [System] [MY-013602] [Server] Channel mysql_main configured to support TLS. Encrypted connections are now supported for this channel.
2025-10-08T13:47:04.809202Z 0 [System] [MY-011323] [Server] X Plugin ready for connections. Bind-address: '::' port: 33060
2025-10-08T13:47:04.809389Z 0 [System] [MY-010931] [Server] C:\laragon\bin\mysql\mysql-8.4.3-winx64\bin\mysqld: ready for connections. Version: '8.4.3'  socket: ''  port: 3306  MySQL Community Server - GPL.
2025-10-08T13:52:49.839126Z 83 [System] [MY-013172] [Server] Received SHUTDOWN from user root. Shutting down mysqld (Version: 8.4.3).
2025-10-08T13:52:49.839678Z 0 [System] [MY-013105] [Server] C:\laragon\bin\mysql\mysql-8.4.3-winx64\bin\mysqld: Normal shutdown.
2025-10-08T13:52:50.277552Z 0 [System] [MY-010910] [Server] C:\laragon\bin\mysql\mysql-8.4.3-winx64\bin\mysqld: Shutdown complete (mysqld 8.4.3)  MySQL Community Server - GPL.
2025-10-08T13:52:50.278056Z 0 [System] [MY-015016] [Server] MySQL Server - end.
2025-10-08T14:04:38.149738Z 0 [System] [MY-015015] [Server] MySQL Server - start.
2025-10-08T14:04:38.289785Z 0 [Warning] [MY-010097] [Server] Insecure configuration for --secure-file-priv: Current value does not restrict location of generated files. Consider setting it to a valid, non-empty path.
2025-10-08T14:04:38.289828Z 0 [System] [MY-010116] [Server] C:\laragon\bin\mysql\mysql-8.4.3-winx64\bin\mysqld (mysqld 8.4.3) starting as process 20292
2025-10-08T14:04:38.314827Z 1 [System] [MY-013576] [InnoDB] InnoDB initialization has started.
2025-10-08T14:04:38.513938Z 1 [System] [MY-013577] [InnoDB] InnoDB initialization has ended.
2025-10-08T14:04:38.766634Z 0 [Warning] [MY-013829] [Server] Missing data directory for ICU regular expressions: C:\laragon\bin\mysql\mysql-8.4.3-winx64\lib\private\.
2025-10-08T14:04:38.775607Z 0 [Warning] [MY-010068] [Server] CA certificate ca.pem is self signed.
2025-10-08T14:04:38.775972Z 0 [System] [MY-013602] [Server] Channel mysql_main configured to support TLS. Encrypted connections are now supported for this channel.
2025-10-08T14:04:38.809097Z 0 [System] [MY-011323] [Server] X Plugin ready for connections. Bind-address: '::' port: 33060
2025-10-08T14:04:38.809099Z 0 [System] [MY-010931] [Server] C:\laragon\bin\mysql\mysql-8.4.3-winx64\bin\mysqld: ready for connections. Version: '8.4.3'  socket: ''  port: 3306  MySQL Community Server - GPL.
